The system is: Windows - 10.0.17763 - AMD64
Compiling the C compiler identification source file "CMakeCCompilerId.c" succeeded.
Compiler: C:/Program Files (x86)/Microsoft Visual Studio/2019/Community/VC/Tools/MSVC/14.21.27702/bin/HostX64/x64/cl.exe 
Build flags: 
Id flags:  

The output was:
0
Microsoft (R) C/C++ Optimizing Compiler Version 19.21.27702.2 for x64
Copyright (C) Microsoft Corporation.  All rights reserved.

CMakeCCompilerId.c
Microsoft (R) Incremental Linker Version 14.21.27702.2
Copyright (C) Microsoft Corporation.  All rights reserved.

/out:CMakeCCompilerId.exe 
CMakeCCompilerId.obj 


Compilation of the C compiler identification source "CMakeCCompilerId.c" produced "CMakeCCompilerId.exe"

Compilation of the C compiler identification source "CMakeCCompilerId.c" produced "CMakeCCompilerId.obj"

The C compiler identification is MSVC, found in "D:/Github Repositories/Project-Repository/Distributed Cloud-based Ray Tracing/glfw-3.3/out/build/x64-Debug/CMakeFiles/3.14.19050301-MSVC_2/CompilerIdC/CMakeCCompilerId.exe"

Determining if the C compiler works passed with the following output:
Change Dir: D:/Github Repositories/Project-Repository/Distributed Cloud-based Ray Tracing/glfw-3.3/out/build/x64-Debug/CMakeFiles/CMakeTmp

Run Build Command(s):C:/Program Files (x86)/Microsoft Visual Studio/2019/Community/Common7/IDE/CommonExtensions/Microsoft/CMake/Ninja/ninja.exe cmTC_d1c90 
[1/2] Building C object CMakeFiles\cmTC_d1c90.dir\testCCompiler.c.obj
[2/2] Linking C executable cmTC_d1c90.exe


Detecting C compiler ABI info compiled with the following output:
Change Dir: D:/Github Repositories/Project-Repository/Distributed Cloud-based Ray Tracing/glfw-3.3/out/build/x64-Debug/CMakeFiles/CMakeTmp

Run Build Command(s):C:/Program Files (x86)/Microsoft Visual Studio/2019/Community/Common7/IDE/CommonExtensions/Microsoft/CMake/Ninja/ninja.exe cmTC_3c45f 
[1/2] Building C object CMakeFiles\cmTC_3c45f.dir\CMakeCCompilerABI.c.obj
[2/2] Linking C executable cmTC_3c45f.exe




Detecting C [] compiler features compiled with the following output:
Change Dir: D:/Github Repositories/Project-Repository/Distributed Cloud-based Ray Tracing/glfw-3.3/out/build/x64-Debug/CMakeFiles/CMakeTmp

Run Build Command(s):C:/Program Files (x86)/Microsoft Visual Studio/2019/Community/Common7/IDE/CommonExtensions/Microsoft/CMake/Ninja/ninja.exe cmTC_dc0c9 
[1/2] Building C object CMakeFiles\cmTC_dc0c9.dir\feature_tests.c.obj
[2/2] Linking C executable cmTC_dc0c9.exe


    Feature record: C_FEATURE:1c_function_prototypes
    Feature record: C_FEATURE:1c_variadic_macros
